2024/02/12 14:27:52 [notice] 1#1: using the "epoll" event method
2024/02/12 14:27:52 [notice] 1#1: nginx/1.25.3
2024/02/12 14:27:52 [notice] 1#1: built by gcc 12.2.0 (Debian 12.2.0-14) 
2024/02/12 14:27:52 [notice] 1#1: OS: Linux 6.6.12-linuxkit
2024/02/12 14:27:52 [notice] 1#1: getrlimit(RLIMIT_NOFILE): 1048576:1048576
2024/02/12 14:27:52 [notice] 1#1: start worker processes
2024/02/12 14:27:52 [notice] 1#1: start worker process 28
2024/02/12 14:27:52 [notice] 1#1: start worker process 29
2024/02/12 14:27:52 [notice] 1#1: start worker process 30
2024/02/12 14:27:52 [notice] 1#1: start worker process 31
2024/02/12 14:32:42 [notice] 1#1: signal 3 (SIGQUIT) received, shutting down
2024/02/12 14:32:42 [notice] 29#29: gracefully shutting down
2024/02/12 14:32:42 [notice] 29#29: exiting
2024/02/12 14:32:42 [notice] 30#30: gracefully shutting down
2024/02/12 14:32:42 [notice] 30#30: exiting
2024/02/12 14:32:42 [notice] 30#30: exit
2024/02/12 14:32:42 [notice] 31#31: gracefully shutting down
2024/02/12 14:32:42 [notice] 28#28: gracefully shutting down
2024/02/12 14:32:42 [notice] 29#29: exit
2024/02/12 14:32:42 [notice] 31#31: exiting
2024/02/12 14:32:42 [notice] 28#28: exiting
2024/02/12 14:32:42 [notice] 31#31: exit
2024/02/12 14:32:42 [notice] 28#28: exit
2024/02/12 14:32:42 [notice] 1#1: signal 17 (SIGCHLD) received from 29
2024/02/12 14:32:42 [notice] 1#1: worker process 29 exited with code 0
2024/02/12 14:32:42 [notice] 1#1: signal 29 (SIGIO) received
2024/02/12 14:32:42 [notice] 1#1: signal 17 (SIGCHLD) received from 30
2024/02/12 14:32:42 [notice] 1#1: worker process 30 exited with code 0
2024/02/12 14:32:42 [notice] 1#1: signal 29 (SIGIO) received
2024/02/12 14:32:42 [notice] 1#1: signal 17 (SIGCHLD) received from 28
2024/02/12 14:32:42 [notice] 1#1: worker process 28 exited with code 0
2024/02/12 14:32:42 [notice] 1#1: worker process 31 exited with code 0
2024/02/12 14:32:42 [notice] 1#1: exit
2024/02/12 14:33:05 [notice] 1#1: using the "epoll" event method
2024/02/12 14:33:05 [notice] 1#1: nginx/1.25.3
2024/02/12 14:33:05 [notice] 1#1: built by gcc 12.2.0 (Debian 12.2.0-14) 
2024/02/12 14:33:05 [notice] 1#1: OS: Linux 6.6.12-linuxkit
2024/02/12 14:33:05 [notice] 1#1: getrlimit(RLIMIT_NOFILE): 1048576:1048576
2024/02/12 14:33:05 [notice] 1#1: start worker processes
2024/02/12 14:33:05 [notice] 1#1: start worker process 29
2024/02/12 14:33:05 [notice] 1#1: start worker process 30
2024/02/12 14:33:05 [notice] 1#1: start worker process 31
2024/02/12 14:33:05 [notice] 1#1: start worker process 32
2024/02/12 20:35:16 [notice] 1#1: signal 3 (SIGQUIT) received, shutting down
2024/02/12 20:35:16 [notice] 29#29: gracefully shutting down
2024/02/12 20:35:16 [notice] 29#29: exiting
2024/02/12 20:35:16 [notice] 30#30: gracefully shutting down
2024/02/12 20:35:16 [notice] 32#32: gracefully shutting down
2024/02/12 20:35:16 [notice] 31#31: gracefully shutting down
2024/02/12 20:35:16 [notice] 29#29: exit
2024/02/12 20:35:16 [notice] 30#30: exiting
2024/02/12 20:35:16 [notice] 32#32: exiting
2024/02/12 20:35:16 [notice] 31#31: exiting
2024/02/12 20:35:16 [notice] 30#30: exit
2024/02/12 20:35:16 [notice] 32#32: exit
2024/02/12 20:35:16 [notice] 31#31: exit
2024/02/12 20:35:16 [notice] 1#1: signal 17 (SIGCHLD) received from 32
2024/02/12 20:35:16 [notice] 1#1: worker process 29 exited with code 0
2024/02/12 20:35:16 [notice] 1#1: worker process 32 exited with code 0
2024/02/12 20:35:16 [notice] 1#1: signal 29 (SIGIO) received
2024/02/12 20:35:16 [notice] 1#1: signal 17 (SIGCHLD) received from 30
2024/02/12 20:35:16 [notice] 1#1: worker process 30 exited with code 0
2024/02/12 20:35:16 [notice] 1#1: worker process 31 exited with code 0
2024/02/12 20:35:16 [notice] 1#1: exit
2024/02/12 20:36:08 [notice] 1#1: using the "epoll" event method
2024/02/12 20:36:08 [notice] 1#1: nginx/1.25.3
2024/02/12 20:36:08 [notice] 1#1: built by gcc 12.2.0 (Debian 12.2.0-14) 
2024/02/12 20:36:08 [notice] 1#1: OS: Linux 6.6.12-linuxkit
2024/02/12 20:36:08 [notice] 1#1: getrlimit(RLIMIT_NOFILE): 1048576:1048576
2024/02/12 20:36:08 [notice] 1#1: start worker processes
2024/02/12 20:36:08 [notice] 1#1: start worker process 28
2024/02/12 20:36:08 [notice] 1#1: start worker process 29
2024/02/12 20:36:08 [notice] 1#1: start worker process 30
2024/02/12 20:36:08 [notice] 1#1: start worker process 31
2024/02/12 20:37:16 [notice] 1#1: signal 3 (SIGQUIT) received, shutting down
2024/02/12 20:37:16 [notice] 29#29: gracefully shutting down
2024/02/12 20:37:16 [notice] 29#29: exiting
2024/02/12 20:37:16 [notice] 30#30: gracefully shutting down
2024/02/12 20:37:16 [notice] 30#30: exiting
2024/02/12 20:37:16 [notice] 31#31: gracefully shutting down
2024/02/12 20:37:16 [notice] 31#31: exiting
2024/02/12 20:37:16 [notice] 28#28: gracefully shutting down
2024/02/12 20:37:16 [notice] 28#28: exiting
2024/02/12 20:37:16 [notice] 29#29: exit
2024/02/12 20:37:16 [notice] 30#30: exit
2024/02/12 20:37:16 [notice] 31#31: exit
2024/02/12 20:37:16 [notice] 28#28: exit
2024/02/12 20:37:16 [notice] 1#1: signal 17 (SIGCHLD) received from 29
2024/02/12 20:37:16 [notice] 1#1: worker process 29 exited with code 0
2024/02/12 20:37:16 [notice] 1#1: worker process 28 exited with code 0
2024/02/12 20:37:16 [notice] 1#1: worker process 30 exited with code 0
2024/02/12 20:37:16 [notice] 1#1: worker process 31 exited with code 0
2024/02/12 20:37:16 [notice] 1#1: exit
2024/02/12 20:38:50 [notice] 1#1: using the "epoll" event method
2024/02/12 20:38:50 [notice] 1#1: nginx/1.25.3
2024/02/12 20:38:50 [notice] 1#1: built by gcc 12.2.0 (Debian 12.2.0-14) 
2024/02/12 20:38:50 [notice] 1#1: OS: Linux 6.6.12-linuxkit
2024/02/12 20:38:50 [notice] 1#1: getrlimit(RLIMIT_NOFILE): 1048576:1048576
2024/02/12 20:38:50 [notice] 1#1: start worker processes
2024/02/12 20:38:50 [notice] 1#1: start worker process 28
2024/02/12 20:38:50 [notice] 1#1: start worker process 29
2024/02/12 20:38:50 [notice] 1#1: start worker process 30
2024/02/12 20:38:50 [notice] 1#1: start worker process 31
2024/02/12 20:48:40 [notice] 1#1: signal 3 (SIGQUIT) received, shutting down
2024/02/12 20:48:40 [notice] 28#28: gracefully shutting down
2024/02/12 20:48:40 [notice] 28#28: exiting
2024/02/12 20:48:40 [notice] 29#29: gracefully shutting down
2024/02/12 20:48:40 [notice] 29#29: exiting
2024/02/12 20:48:40 [notice] 30#30: gracefully shutting down
2024/02/12 20:48:40 [notice] 30#30: exiting
2024/02/12 20:48:40 [notice] 31#31: gracefully shutting down
2024/02/12 20:48:40 [notice] 31#31: exiting
2024/02/12 20:48:40 [notice] 28#28: exit
2024/02/12 20:48:40 [notice] 29#29: exit
2024/02/12 20:48:40 [notice] 30#30: exit
2024/02/12 20:48:40 [notice] 31#31: exit
2024/02/12 20:48:40 [notice] 1#1: signal 17 (SIGCHLD) received from 29
2024/02/12 20:48:40 [notice] 1#1: worker process 29 exited with code 0
2024/02/12 20:48:40 [notice] 1#1: signal 29 (SIGIO) received
2024/02/12 20:48:40 [notice] 1#1: signal 17 (SIGCHLD) received from 28
2024/02/12 20:48:40 [notice] 1#1: worker process 28 exited with code 0
2024/02/12 20:48:40 [notice] 1#1: signal 29 (SIGIO) received
2024/02/12 20:48:40 [notice] 1#1: signal 17 (SIGCHLD) received from 30
2024/02/12 20:48:40 [notice] 1#1: worker process 30 exited with code 0
2024/02/12 20:48:40 [notice] 1#1: worker process 31 exited with code 0
2024/02/12 20:48:40 [notice] 1#1: exit
2024/02/12 20:58:22 [notice] 1#1: using the "epoll" event method
2024/02/12 20:58:22 [notice] 1#1: nginx/1.25.3
2024/02/12 20:58:22 [notice] 1#1: built by gcc 12.2.0 (Debian 12.2.0-14) 
2024/02/12 20:58:22 [notice] 1#1: OS: Linux 6.6.12-linuxkit
2024/02/12 20:58:22 [notice] 1#1: getrlimit(RLIMIT_NOFILE): 1048576:1048576
2024/02/12 20:58:22 [notice] 1#1: start worker processes
2024/02/12 20:58:22 [notice] 1#1: start worker process 28
2024/02/12 20:58:22 [notice] 1#1: start worker process 29
2024/02/12 20:58:22 [notice] 1#1: start worker process 30
2024/02/12 20:58:22 [notice] 1#1: start worker process 31
2024/02/12 21:02:07 [notice] 1#1: signal 3 (SIGQUIT) received, shutting down
2024/02/12 21:02:07 [notice] 28#28: gracefully shutting down
2024/02/12 21:02:07 [notice] 29#29: gracefully shutting down
2024/02/12 21:02:07 [notice] 30#30: gracefully shutting down
2024/02/12 21:02:07 [notice] 31#31: gracefully shutting down
2024/02/12 21:02:07 [notice] 28#28: exiting
2024/02/12 21:02:07 [notice] 31#31: exiting
2024/02/12 21:02:07 [notice] 29#29: exiting
2024/02/12 21:02:07 [notice] 30#30: exiting
2024/02/12 21:02:07 [notice] 30#30: exit
2024/02/12 21:02:07 [notice] 28#28: exit
2024/02/12 21:02:07 [notice] 31#31: exit
2024/02/12 21:02:07 [notice] 29#29: exit
2024/02/12 21:02:07 [notice] 1#1: signal 17 (SIGCHLD) received from 30
2024/02/12 21:02:07 [notice] 1#1: worker process 28 exited with code 0
2024/02/12 21:02:07 [notice] 1#1: worker process 29 exited with code 0
2024/02/12 21:02:07 [notice] 1#1: worker process 30 exited with code 0
2024/02/12 21:02:07 [notice] 1#1: signal 29 (SIGIO) received
2024/02/12 21:02:07 [notice] 1#1: signal 17 (SIGCHLD) received from 29
2024/02/12 21:02:07 [notice] 1#1: signal 17 (SIGCHLD) received from 31
2024/02/12 21:02:07 [notice] 1#1: worker process 31 exited with code 0
2024/02/12 21:02:07 [notice] 1#1: exit
2024/02/12 21:02:28 [notice] 1#1: using the "epoll" event method
2024/02/12 21:02:28 [notice] 1#1: nginx/1.25.3
2024/02/12 21:02:28 [notice] 1#1: built by gcc 12.2.0 (Debian 12.2.0-14) 
2024/02/12 21:02:28 [notice] 1#1: OS: Linux 6.6.12-linuxkit
2024/02/12 21:02:28 [notice] 1#1: getrlimit(RLIMIT_NOFILE): 1048576:1048576
2024/02/12 21:02:28 [notice] 1#1: start worker processes
2024/02/12 21:02:28 [notice] 1#1: start worker process 28
2024/02/12 21:02:28 [notice] 1#1: start worker process 29
2024/02/12 21:02:28 [notice] 1#1: start worker process 30
2024/02/12 21:02:28 [notice] 1#1: start worker process 31
2024/02/12 21:25:52 [notice] 1#1: signal 3 (SIGQUIT) received, shutting down
2024/02/12 21:25:52 [notice] 28#28: gracefully shutting down
2024/02/12 21:25:52 [notice] 29#29: gracefully shutting down
2024/02/12 21:25:52 [notice] 30#30: gracefully shutting down
2024/02/12 21:25:52 [notice] 29#29: exiting
2024/02/12 21:25:52 [notice] 31#31: gracefully shutting down
2024/02/12 21:25:52 [notice] 31#31: exiting
2024/02/12 21:25:52 [notice] 31#31: exit
2024/02/12 21:25:52 [notice] 28#28: exiting
2024/02/12 21:25:52 [notice] 30#30: exiting
2024/02/12 21:25:52 [notice] 29#29: exit
2024/02/12 21:25:52 [notice] 28#28: exit
2024/02/12 21:25:52 [notice] 30#30: exit
2024/02/12 21:25:52 [notice] 1#1: signal 17 (SIGCHLD) received from 31
2024/02/12 21:25:52 [notice] 1#1: worker process 28 exited with code 0
2024/02/12 21:25:52 [notice] 1#1: worker process 29 exited with code 0
2024/02/12 21:25:52 [notice] 1#1: worker process 31 exited with code 0
2024/02/12 21:25:52 [notice] 1#1: signal 29 (SIGIO) received
2024/02/12 21:25:52 [notice] 1#1: signal 17 (SIGCHLD) received from 29
2024/02/12 21:25:52 [notice] 1#1: signal 17 (SIGCHLD) received from 30
2024/02/12 21:25:52 [notice] 1#1: worker process 30 exited with code 0
2024/02/12 21:25:52 [notice] 1#1: exit
2024/02/12 21:26:16 [notice] 1#1: using the "epoll" event method
2024/02/12 21:26:16 [notice] 1#1: nginx/1.25.3
2024/02/12 21:26:16 [notice] 1#1: built by gcc 12.2.0 (Debian 12.2.0-14) 
2024/02/12 21:26:16 [notice] 1#1: OS: Linux 6.6.12-linuxkit
2024/02/12 21:26:16 [notice] 1#1: getrlimit(RLIMIT_NOFILE): 1048576:1048576
2024/02/12 21:26:16 [notice] 1#1: start worker processes
2024/02/12 21:26:16 [notice] 1#1: start worker process 27
2024/02/12 21:26:16 [notice] 1#1: start worker process 28
2024/02/12 21:26:16 [notice] 1#1: start worker process 29
2024/02/12 21:26:16 [notice] 1#1: start worker process 30
2024/02/12 21:40:46 [notice] 1#1: signal 3 (SIGQUIT) received, shutting down
2024/02/12 21:40:47 [notice] 27#27: gracefully shutting down
2024/02/12 21:40:47 [notice] 27#27: exiting
2024/02/12 21:40:47 [notice] 30#30: gracefully shutting down
2024/02/12 21:40:47 [notice] 27#27: exit
2024/02/12 21:40:47 [notice] 28#28: gracefully shutting down
2024/02/12 21:40:47 [notice] 28#28: exiting
2024/02/12 21:40:47 [notice] 29#29: gracefully shutting down
2024/02/12 21:40:47 [notice] 30#30: exiting
2024/02/12 21:40:47 [notice] 28#28: exit
2024/02/12 21:40:47 [notice] 30#30: exit
2024/02/12 21:40:47 [notice] 29#29: exiting
2024/02/12 21:40:47 [notice] 29#29: exit
2024/02/12 21:40:47 [notice] 1#1: signal 17 (SIGCHLD) received from 30
2024/02/12 21:40:47 [notice] 1#1: worker process 30 exited with code 0
2024/02/12 21:40:47 [notice] 1#1: worker process 28 exited with code 0
2024/02/12 21:40:47 [notice] 1#1: signal 29 (SIGIO) received
2024/02/12 21:40:47 [notice] 1#1: signal 17 (SIGCHLD) received from 28
2024/02/12 21:40:47 [notice] 1#1: worker process 27 exited with code 0
2024/02/12 21:40:47 [notice] 1#1: signal 29 (SIGIO) received
2024/02/12 21:40:47 [notice] 1#1: signal 17 (SIGCHLD) received from 29
2024/02/12 21:40:47 [notice] 1#1: worker process 29 exited with code 0
2024/02/12 21:40:47 [notice] 1#1: exit
2024/02/12 21:40:52 [notice] 1#1: using the "epoll" event method
2024/02/12 21:40:52 [notice] 1#1: nginx/1.25.3
2024/02/12 21:40:52 [notice] 1#1: built by gcc 12.2.0 (Debian 12.2.0-14) 
2024/02/12 21:40:52 [notice] 1#1: OS: Linux 6.6.12-linuxkit
2024/02/12 21:40:52 [notice] 1#1: getrlimit(RLIMIT_NOFILE): 1048576:1048576
2024/02/12 21:40:52 [notice] 1#1: start worker processes
2024/02/12 21:40:52 [notice] 1#1: start worker process 28
2024/02/12 21:40:52 [notice] 1#1: start worker process 29
2024/02/12 21:40:52 [notice] 1#1: start worker process 30
2024/02/12 21:40:52 [notice] 1#1: start worker process 31
2024/02/12 21:41:17 [notice] 1#1: signal 3 (SIGQUIT) received, shutting down
2024/02/12 21:41:17 [notice] 30#30: gracefully shutting down
2024/02/12 21:41:17 [notice] 31#31: gracefully shutting down
2024/02/12 21:41:17 [notice] 29#29: gracefully shutting down
2024/02/12 21:41:17 [notice] 29#29: exiting
2024/02/12 21:41:17 [notice] 28#28: gracefully shutting down
2024/02/12 21:41:17 [notice] 28#28: exiting
2024/02/12 21:41:17 [notice] 30#30: exiting
2024/02/12 21:41:17 [notice] 30#30: exit
2024/02/12 21:41:17 [notice] 31#31: exiting
2024/02/12 21:41:17 [notice] 29#29: exit
2024/02/12 21:41:17 [notice] 28#28: exit
2024/02/12 21:41:17 [notice] 31#31: exit
2024/02/12 21:41:17 [notice] 1#1: signal 17 (SIGCHLD) received from 28
2024/02/12 21:41:17 [notice] 1#1: worker process 28 exited with code 0
2024/02/12 21:41:17 [notice] 1#1: worker process 29 exited with code 0
2024/02/12 21:41:17 [notice] 1#1: worker process 30 exited with code 0
2024/02/12 21:41:17 [notice] 1#1: signal 29 (SIGIO) received
2024/02/12 21:41:17 [notice] 1#1: signal 17 (SIGCHLD) received from 30
2024/02/12 21:41:17 [notice] 1#1: signal 17 (SIGCHLD) received from 31
2024/02/12 21:41:17 [notice] 1#1: worker process 31 exited with code 0
2024/02/12 21:41:17 [notice] 1#1: exit
2024/02/12 21:44:18 [notice] 1#1: using the "epoll" event method
2024/02/12 21:44:18 [notice] 1#1: nginx/1.25.3
2024/02/12 21:44:18 [notice] 1#1: built by gcc 12.2.0 (Debian 12.2.0-14) 
2024/02/12 21:44:18 [notice] 1#1: OS: Linux 6.6.12-linuxkit
2024/02/12 21:44:18 [notice] 1#1: getrlimit(RLIMIT_NOFILE): 1048576:1048576
2024/02/12 21:44:18 [notice] 1#1: start worker processes
2024/02/12 21:44:18 [notice] 1#1: start worker process 28
2024/02/12 21:44:18 [notice] 1#1: start worker process 29
2024/02/12 21:44:18 [notice] 1#1: start worker process 30
2024/02/12 21:44:18 [notice] 1#1: start worker process 31
2024/02/12 21:44:38 [notice] 1#1: signal 3 (SIGQUIT) received, shutting down
2024/02/12 21:44:38 [notice] 28#28: gracefully shutting down
2024/02/12 21:44:38 [notice] 28#28: exiting
2024/02/12 21:44:38 [notice] 28#28: exit
2024/02/12 21:44:38 [notice] 29#29: gracefully shutting down
2024/02/12 21:44:38 [notice] 30#30: gracefully shutting down
2024/02/12 21:44:38 [notice] 30#30: exiting
2024/02/12 21:44:38 [notice] 31#31: gracefully shutting down
2024/02/12 21:44:38 [notice] 31#31: exiting
2024/02/12 21:44:38 [notice] 29#29: exiting
2024/02/12 21:44:38 [notice] 29#29: exit
2024/02/12 21:44:38 [notice] 30#30: exit
2024/02/12 21:44:38 [notice] 31#31: exit
2024/02/12 21:44:38 [notice] 1#1: signal 17 (SIGCHLD) received from 28
2024/02/12 21:44:38 [notice] 1#1: worker process 28 exited with code 0
2024/02/12 21:44:38 [notice] 1#1: signal 29 (SIGIO) received
2024/02/12 21:44:38 [notice] 1#1: signal 17 (SIGCHLD) received from 29
2024/02/12 21:44:38 [notice] 1#1: worker process 29 exited with code 0
2024/02/12 21:44:38 [notice] 1#1: signal 29 (SIGIO) received
2024/02/12 21:44:38 [notice] 1#1: signal 17 (SIGCHLD) received from 30
2024/02/12 21:44:38 [notice] 1#1: worker process 30 exited with code 0
2024/02/12 21:44:38 [notice] 1#1: signal 29 (SIGIO) received
2024/02/12 21:44:38 [notice] 1#1: signal 17 (SIGCHLD) received from 31
2024/02/12 21:44:38 [notice] 1#1: worker process 31 exited with code 0
2024/02/12 21:44:38 [notice] 1#1: exit
2024/02/12 21:49:42 [notice] 1#1: using the "epoll" event method
2024/02/12 21:49:42 [notice] 1#1: nginx/1.25.3
2024/02/12 21:49:42 [notice] 1#1: built by gcc 12.2.0 (Debian 12.2.0-14) 
2024/02/12 21:49:42 [notice] 1#1: OS: Linux 6.6.12-linuxkit
2024/02/12 21:49:42 [notice] 1#1: getrlimit(RLIMIT_NOFILE): 1048576:1048576
2024/02/12 21:49:42 [notice] 1#1: start worker processes
2024/02/12 21:49:42 [notice] 1#1: start worker process 28
2024/02/12 21:49:42 [notice] 1#1: start worker process 29
2024/02/12 21:49:42 [notice] 1#1: start worker process 30
2024/02/12 21:49:42 [notice] 1#1: start worker process 31
2024/02/12 21:51:31 [notice] 1#1: signal 3 (SIGQUIT) received, shutting down
2024/02/12 21:51:31 [notice] 28#28: gracefully shutting down
2024/02/12 21:51:31 [notice] 28#28: exiting
2024/02/12 21:51:31 [notice] 29#29: gracefully shutting down
2024/02/12 21:51:31 [notice] 29#29: exiting
2024/02/12 21:51:31 [notice] 30#30: gracefully shutting down
2024/02/12 21:51:31 [notice] 30#30: exiting
2024/02/12 21:51:31 [notice] 31#31: gracefully shutting down
2024/02/12 21:51:31 [notice] 28#28: exit
2024/02/12 21:51:31 [notice] 30#30: exit
2024/02/12 21:51:31 [notice] 29#29: exit
2024/02/12 21:51:31 [notice] 31#31: exiting
2024/02/12 21:51:31 [notice] 31#31: exit
2024/02/12 21:51:31 [notice] 1#1: signal 17 (SIGCHLD) received from 29
2024/02/12 21:51:31 [notice] 1#1: worker process 29 exited with code 0
2024/02/12 21:51:31 [notice] 1#1: worker process 30 exited with code 0
2024/02/12 21:51:31 [notice] 1#1: signal 29 (SIGIO) received
2024/02/12 21:51:31 [notice] 1#1: signal 17 (SIGCHLD) received from 30
2024/02/12 21:51:31 [notice] 1#1: signal 17 (SIGCHLD) received from 28
2024/02/12 21:51:31 [notice] 1#1: worker process 28 exited with code 0
2024/02/12 21:51:31 [notice] 1#1: signal 29 (SIGIO) received
2024/02/12 21:51:31 [notice] 1#1: signal 17 (SIGCHLD) received from 31
2024/02/12 21:51:31 [notice] 1#1: worker process 31 exited with code 0
2024/02/12 21:51:31 [notice] 1#1: exit
2024/02/12 21:51:54 [notice] 1#1: using the "epoll" event method
2024/02/12 21:51:54 [notice] 1#1: nginx/1.25.3
2024/02/12 21:51:54 [notice] 1#1: built by gcc 12.2.0 (Debian 12.2.0-14) 
2024/02/12 21:51:54 [notice] 1#1: OS: Linux 6.6.12-linuxkit
2024/02/12 21:51:54 [notice] 1#1: getrlimit(RLIMIT_NOFILE): 1048576:1048576
2024/02/12 21:51:54 [notice] 1#1: start worker processes
2024/02/12 21:51:54 [notice] 1#1: start worker process 28
2024/02/12 21:51:54 [notice] 1#1: start worker process 29
2024/02/12 21:51:54 [notice] 1#1: start worker process 30
2024/02/12 21:51:54 [notice] 1#1: start worker process 31
2024/02/12 22:14:48 [error] 28#28: *1 open() "/data/test.local/favicon.ico" failed (2: No such file or directory), client: 192.168.65.1, server: test.local, request: "GET /favicon.ico HTTP/1.1", host: "test.local", referrer: "http://test.local/"
2024/02/12 22:15:22 [notice] 1#1: signal 3 (SIGQUIT) received, shutting down
2024/02/12 22:15:22 [notice] 28#28: gracefully shutting down
2024/02/12 22:15:22 [notice] 28#28: exiting
2024/02/12 22:15:22 [notice] 29#29: gracefully shutting down
2024/02/12 22:15:22 [notice] 29#29: exiting
2024/02/12 22:15:22 [notice] 30#30: gracefully shutting down
2024/02/12 22:15:22 [notice] 29#29: exit
2024/02/12 22:15:22 [notice] 31#31: gracefully shutting down
2024/02/12 22:15:22 [notice] 31#31: exiting
2024/02/12 22:15:22 [notice] 28#28: exit
2024/02/12 22:15:22 [notice] 30#30: exiting
2024/02/12 22:15:22 [notice] 30#30: exit
2024/02/12 22:15:22 [notice] 31#31: exit
2024/02/12 22:15:22 [notice] 1#1: signal 17 (SIGCHLD) received from 28
2024/02/12 22:15:22 [notice] 1#1: worker process 28 exited with code 0
2024/02/12 22:15:22 [notice] 1#1: worker process 29 exited with code 0
2024/02/12 22:15:22 [notice] 1#1: worker process 30 exited with code 0
2024/02/12 22:15:22 [notice] 1#1: worker process 31 exited with code 0
2024/02/12 22:15:22 [notice] 1#1: exit
2024/02/12 22:15:52 [notice] 1#1: using the "epoll" event method
2024/02/12 22:15:52 [notice] 1#1: nginx/1.25.3
2024/02/12 22:15:52 [notice] 1#1: built by gcc 12.2.0 (Debian 12.2.0-14) 
2024/02/12 22:15:52 [notice] 1#1: OS: Linux 6.6.12-linuxkit
2024/02/12 22:15:52 [notice] 1#1: getrlimit(RLIMIT_NOFILE): 1048576:1048576
2024/02/12 22:15:52 [notice] 1#1: start worker processes
2024/02/12 22:15:52 [notice] 1#1: start worker process 28
2024/02/12 22:15:52 [notice] 1#1: start worker process 29
2024/02/12 22:15:52 [notice] 1#1: start worker process 30
2024/02/12 22:15:52 [notice] 1#1: start worker process 31
2024/02/12 22:17:25 [notice] 1#1: signal 3 (SIGQUIT) received, shutting down
2024/02/12 22:17:25 [notice] 30#30: gracefully shutting down
2024/02/12 22:17:25 [notice] 30#30: exiting
2024/02/12 22:17:25 [notice] 29#29: gracefully shutting down
2024/02/12 22:17:25 [notice] 31#31: gracefully shutting down
2024/02/12 22:17:25 [notice] 31#31: exiting
2024/02/12 22:17:25 [notice] 28#28: gracefully shutting down
2024/02/12 22:17:25 [notice] 28#28: exiting
2024/02/12 22:17:25 [notice] 30#30: exit
2024/02/12 22:17:25 [notice] 29#29: exiting
2024/02/12 22:17:25 [notice] 31#31: exit
2024/02/12 22:17:25 [notice] 28#28: exit
2024/02/12 22:17:25 [notice] 29#29: exit
2024/02/12 22:17:25 [notice] 1#1: signal 17 (SIGCHLD) received from 29
2024/02/12 22:17:25 [notice] 1#1: worker process 29 exited with code 0
2024/02/12 22:17:25 [notice] 1#1: worker process 30 exited with code 0
2024/02/12 22:17:25 [notice] 1#1: worker process 31 exited with code 0
2024/02/12 22:17:25 [notice] 1#1: signal 29 (SIGIO) received
2024/02/12 22:17:25 [notice] 1#1: signal 17 (SIGCHLD) received from 31
2024/02/12 22:17:25 [notice] 1#1: signal 17 (SIGCHLD) received from 28
2024/02/12 22:17:25 [notice] 1#1: worker process 28 exited with code 0
2024/02/12 22:17:25 [notice] 1#1: exit
2024/02/12 22:17:29 [notice] 1#1: using the "epoll" event method
2024/02/12 22:17:29 [notice] 1#1: nginx/1.25.3
2024/02/12 22:17:29 [notice] 1#1: built by gcc 12.2.0 (Debian 12.2.0-14) 
2024/02/12 22:17:29 [notice] 1#1: OS: Linux 6.6.12-linuxkit
2024/02/12 22:17:29 [notice] 1#1: getrlimit(RLIMIT_NOFILE): 1048576:1048576
2024/02/12 22:17:29 [notice] 1#1: start worker processes
2024/02/12 22:17:29 [notice] 1#1: start worker process 28
2024/02/12 22:17:29 [notice] 1#1: start worker process 29
2024/02/12 22:17:29 [notice] 1#1: start worker process 30
2024/02/12 22:17:29 [notice] 1#1: start worker process 31
2024/02/12 22:19:37 [notice] 1#1: signal 3 (SIGQUIT) received, shutting down
2024/02/12 22:19:37 [notice] 30#30: gracefully shutting down
2024/02/12 22:19:37 [notice] 30#30: exiting
2024/02/12 22:19:37 [notice] 28#28: gracefully shutting down
2024/02/12 22:19:37 [notice] 28#28: exiting
2024/02/12 22:19:37 [notice] 29#29: gracefully shutting down
2024/02/12 22:19:37 [notice] 31#31: gracefully shutting down
2024/02/12 22:19:37 [notice] 28#28: exit
2024/02/12 22:19:37 [notice] 30#30: exit
2024/02/12 22:19:37 [notice] 29#29: exiting
2024/02/12 22:19:37 [notice] 29#29: exit
2024/02/12 22:19:37 [notice] 31#31: exiting
2024/02/12 22:19:37 [notice] 31#31: exit
2024/02/12 22:19:37 [notice] 1#1: signal 17 (SIGCHLD) received from 28
2024/02/12 22:19:37 [notice] 1#1: worker process 28 exited with code 0
2024/02/12 22:19:37 [notice] 1#1: signal 29 (SIGIO) received
2024/02/12 22:19:37 [notice] 1#1: signal 17 (SIGCHLD) received from 30
2024/02/12 22:19:37 [notice] 1#1: worker process 30 exited with code 0
2024/02/12 22:19:37 [notice] 1#1: signal 29 (SIGIO) received
2024/02/12 22:19:37 [notice] 1#1: signal 17 (SIGCHLD) received from 31
2024/02/12 22:19:37 [notice] 1#1: worker process 31 exited with code 0
2024/02/12 22:19:37 [notice] 1#1: signal 29 (SIGIO) received
2024/02/12 22:19:37 [notice] 1#1: signal 17 (SIGCHLD) received from 29
2024/02/12 22:19:37 [notice] 1#1: worker process 29 exited with code 0
2024/02/12 22:19:37 [notice] 1#1: exit
2024/02/12 22:20:06 [notice] 1#1: using the "epoll" event method
2024/02/12 22:20:06 [notice] 1#1: nginx/1.25.3
2024/02/12 22:20:06 [notice] 1#1: built by gcc 12.2.0 (Debian 12.2.0-14) 
2024/02/12 22:20:06 [notice] 1#1: OS: Linux 6.6.12-linuxkit
2024/02/12 22:20:06 [notice] 1#1: getrlimit(RLIMIT_NOFILE): 1048576:1048576
2024/02/12 22:20:06 [notice] 1#1: start worker processes
2024/02/12 22:20:06 [notice] 1#1: start worker process 28
2024/02/12 22:20:06 [notice] 1#1: start worker process 29
2024/02/12 22:20:06 [notice] 1#1: start worker process 30
2024/02/12 22:20:06 [notice] 1#1: start worker process 31
2024/02/12 22:22:58 [notice] 1#1: signal 3 (SIGQUIT) received, shutting down
2024/02/12 22:22:58 [notice] 29#29: gracefully shutting down
2024/02/12 22:22:58 [notice] 28#28: gracefully shutting down
2024/02/12 22:22:58 [notice] 30#30: gracefully shutting down
2024/02/12 22:22:58 [notice] 28#28: exiting
2024/02/12 22:22:58 [notice] 31#31: gracefully shutting down
2024/02/12 22:22:58 [notice] 31#31: exiting
2024/02/12 22:22:58 [notice] 29#29: exiting
2024/02/12 22:22:58 [notice] 29#29: exit
2024/02/12 22:22:58 [notice] 30#30: exiting
2024/02/12 22:22:58 [notice] 30#30: exit
2024/02/12 22:22:58 [notice] 28#28: exit
2024/02/12 22:22:58 [notice] 31#31: exit
2024/02/12 22:22:58 [notice] 1#1: signal 17 (SIGCHLD) received from 28
2024/02/12 22:22:58 [notice] 1#1: worker process 28 exited with code 0
2024/02/12 22:22:58 [notice] 1#1: worker process 29 exited with code 0
2024/02/12 22:22:58 [notice] 1#1: worker process 30 exited with code 0
2024/02/12 22:22:58 [notice] 1#1: worker process 31 exited with code 0
2024/02/12 22:22:58 [notice] 1#1: exit
